This file contains any messages produced by compilers while
running configure, to aid debugging if configure makes a mistake.

It was created by jwst configure 0.1, which was
generated by GNU Autoconf 2.69.  Invocation command line was

  $ ./configure 

## --------- ##
## Platform. ##
## --------- ##

hostname = cawthra.sf.umontreal.ca
uname -m = x86_64
uname -r = 13.4.0
uname -s = Darwin
uname -v = Darwin Kernel Version 13.4.0: Wed Mar 18 16:20:14 PDT 2015; root:xnu-2422.115.14~1/RELEASE_X86_64

/usr/bin/uname -p = i386
/bin/uname -X     = unknown

/bin/arch              = unknown
/usr/bin/arch -k       = unknown
/usr/convex/getsysinfo = unknown
/usr/bin/hostinfo      = Mach kernel version:
	 Darwin Kernel Version 13.4.0: Wed Mar 18 16:20:14 PDT 2015; root:xnu-2422.115.14~1/RELEASE_X86_64
Kernel configured for up to 4 processors.
2 processors are physically available.
4 processors are logically available.
Processor type: i486 (Intel 80486)
Processors active: 0 1 2 3
Primary memory available: 8.00 gigabytes
Default processor set: 258 tasks, 1414 threads, 4 processors
Load average: 2.36, Mach factor: 1.63
/bin/machine           = unknown
/usr/bin/oslevel       = unknown
/bin/universe          = unknown

PATH: /opt/intel/composer_xe_2013_sp1.4.201/bin/intel64
PATH: /opt/intel/composer_xe_2013_sp1.4.201/mpirt/bin/intel64
PATH: /opt/intel/composer_xe_2013_sp1.4.201/debugger/gdb/intel64_mic/py27/bin
PATH: /opt/intel/composer_xe_2013_sp1.4.201/debugger/gdb/intel64/py27/bin
PATH: /opt/intel/composer_xe_2013_sp1.4.201/bin
PATH: /usr/bin
PATH: /bin
PATH: /usr/sbin
PATH: /sbin
PATH: /usr/local/bin
PATH: /opt/X11/bin
PATH: /usr/texbin
PATH: /Users/rowe/Documents/bin
PATH: /usr/texbin


## ----------- ##
## Core tests. ##
## ----------- ##

configure:1976: checking for ifort
configure:1992: found /opt/intel/composer_xe_2013_sp1.4.201/bin/intel64/ifort
configure:2003: result: ifort
configure:2029: checking for Fortran 77 compiler version
configure:2038: ifort --version >&5
ifort (IFORT) 14.0.4 20140805
Copyright (C) 1985-2014 Intel Corporation.  All rights reserved.

configure:2049: $? = 0
configure:2038: ifort -v >&5
ifort version 14.0.4
configure:2049: $? = 0
configure:2038: ifort -V >&5
Intel(R) Fortran Intel(R) 64 Compiler XE for applications running on Intel(R) 64, Version 14.0.4.201 Build 20140805
Copyright (C) 1985-2014 Intel Corporation.  All rights reserved.

configure:2049: $? = 0
configure:2038: ifort -qversion >&5
ifort: command line warning #10006: ignoring unknown option '-qversion'
ifort: command line error: no files specified; for help type "ifort -help"
configure:2049: $? = 1
configure:2064: checking whether the Fortran 77 compiler works
configure:2086: ifort   conftest.f  >&5
configure:2090: $? = 0
configure:2138: result: yes
configure:2141: checking for Fortran 77 compiler default output file name
configure:2143: result: a.out
configure:2149: checking for suffix of executables
configure:2156: ifort -o conftest   conftest.f  >&5
configure:2160: $? = 0
configure:2182: result: 
configure:2198: checking whether we are cross compiling
configure:2206: ifort -o conftest   conftest.f  >&5
configure:2210: $? = 0
configure:2217: ./conftest
configure:2221: $? = 0
configure:2236: result: no
configure:2241: checking for suffix of object files
configure:2257: ifort -c  conftest.f >&5
configure:2261: $? = 0
configure:2282: result: o
configure:2290: checking whether we are using the GNU Fortran 77 compiler
configure:2303: ifort -c  conftest.F >&5
conftest.F(3): error #5082: Syntax error, found END-OF-STATEMENT when expecting one of: ( % [ : . = =>
       choke me
---------------^
conftest.F(3): error #6218: This statement is positioned incorrectly and/or has syntax errors.
       choke me
---------------^
compilation aborted for conftest.F (code 1)
configure:2303: $? = 1
configure: failed program was:
|       program main
| #ifndef __GNUC__
|        choke me
| #endif
| 
|       end
configure:2312: result: no
configure:2318: checking whether ifort accepts -g
configure:2329: ifort -c -g conftest.f >&5
configure:2329: $? = 0
configure:2337: result: yes
configure:2419: checking for ifort
configure:2435: found /opt/intel/composer_xe_2013_sp1.4.201/bin/intel64/ifort
configure:2446: result: ifort
configure:2472: checking for Fortran compiler version
configure:2481: ifort --version >&5
ifort (IFORT) 14.0.4 20140805
Copyright (C) 1985-2014 Intel Corporation.  All rights reserved.

configure:2492: $? = 0
configure:2481: ifort -v >&5
ifort version 14.0.4
configure:2492: $? = 0
configure:2481: ifort -V >&5
Intel(R) Fortran Intel(R) 64 Compiler XE for applications running on Intel(R) 64, Version 14.0.4.201 Build 20140805
Copyright (C) 1985-2014 Intel Corporation.  All rights reserved.

configure:2492: $? = 0
configure:2481: ifort -qversion >&5
ifort: command line warning #10006: ignoring unknown option '-qversion'
ifort: command line error: no files specified; for help type "ifort -help"
configure:2492: $? = 1
configure:2501: checking whether we are using the GNU Fortran compiler
configure:2514: ifort -c   conftest.F >&5
conftest.F(3): error #5082: Syntax error, found END-OF-STATEMENT when expecting one of: ( % [ : . = =>
       choke me
---------------^
conftest.F(3): error #6218: This statement is positioned incorrectly and/or has syntax errors.
       choke me
---------------^
compilation aborted for conftest.F (code 1)
configure:2514: $? = 1
configure: failed program was:
|       program main
| #ifndef __GNUC__
|        choke me
| #endif
| 
|       end
configure:2523: result: no
configure:2529: checking whether ifort accepts -g
configure:2540: ifort -c -g  conftest.f >&5
configure:2540: $? = 0
configure:2548: result: yes
configure:2586: LIBDIRS
configure:2590: checking for /usr/lib
configure:2604: result: yes
configure:2590: checking for /usr/local/lib
configure:2604: result: yes
configure:2590: checking for /usr/local/pgplot
configure:2604: result: no
configure:2590: checking for /usr/local/cfitsio
configure:2604: result: no
configure:2590: checking for /local/lib
configure:2604: result: no
configure:2590: checking for /local/pgplot
configure:2604: result: no
configure:2590: checking for /local/cfitsio
configure:2604: result: no
configure:2590: checking for /opt/local/lib
configure:2604: result: no
configure:2613:   -- PGPLOT -- 
configure:2663: checking for gcc
configure:2679: found /usr/bin/gcc
configure:2690: result: gcc
configure:2919: checking for C compiler version
configure:2928: gcc --version >&5
Apple LLVM version 5.1 (clang-503.0.40) (based on LLVM 3.4svn)
Target: x86_64-apple-darwin13.4.0
Thread model: posix
Configured with: --prefix=/Applications/Xcode.app/Contents/Developer/usr --with-gxx-include-dir=/usr/include/c++/4.2.1
configure:2939: $? = 0
configure:2928: gcc -v >&5
Configured with: --prefix=/Applications/Xcode.app/Contents/Developer/usr --with-gxx-include-dir=/usr/include/c++/4.2.1
Apple LLVM version 5.1 (clang-503.0.40) (based on LLVM 3.4svn)
Target: x86_64-apple-darwin13.4.0
Thread model: posix
configure:2939: $? = 0
configure:2928: gcc -V >&5
clang: error: argument to '-V' is missing (expected 1 value)
clang: error: no input files
configure:2939: $? = 1
configure:2928: gcc -qversion >&5
clang: error: unknown argument: '-qversion' [-Wunused-command-line-argument-hard-error-in-future]
clang: note: this will be a hard error (cannot be downgraded to a warning) in the future
clang: error: no input files
configure:2939: $? = 1
configure:2943: checking whether we are using the GNU C compiler
configure:2962: gcc -c   conftest.c >&5
configure:2962: $? = 0
configure:2971: result: yes
configure:2980: checking whether gcc accepts -g
configure:3000: gcc -c -g  conftest.c >&5
configure:3000: $? = 0
configure:3041: result: yes
configure:3058: checking for gcc option to accept ISO C89
configure:3121: gcc  -c -g -O2  conftest.c >&5
configure:3121: $? = 0
configure:3134: result: none needed
configure:3155: checking for pgopen_ in -lpgplot
configure:3180: gcc -o conftest -g -O2   -L/usr/lib -L/usr/local/lib conftest.c -lpgplot   >&5
configure:3180: $? = 0
configure:3189: result: yes
configure:3197: checking for png_error in -lpng
configure:3222: gcc -o conftest -g -O2   -L/usr/lib -L/usr/local/lib conftest.c -lpng -lpgplot  >&5
configure:3222: $? = 0
configure:3231: result: yes
configure:3239:   -- CFITSIO -- 
configure:3241: checking for ffopen in -lcfitsio
configure:3266: gcc -o conftest -g -O2   -L/usr/lib -L/usr/local/lib conftest.c -lcfitsio   >&5
configure:3266: $? = 0
configure:3275: result: yes
configure:3283:   -- FFTW3 -- 
configure:3285: checking for fftw_execute_dft in -lfftw3
configure:3310: gcc -o conftest -g -O2   -L/usr/lib -L/usr/local/lib conftest.c -lfftw3 -lm  >&5
configure:3310: $? = 0
configure:3319: result: yes
configure:3332: checking how to run the C preprocessor
configure:3363: gcc -E  conftest.c
configure:3363: $? = 0
configure:3377: gcc -E  conftest.c
conftest.c:9:10: fatal error: 'ac_nonexistent.h' file not found
#include <ac_nonexistent.h>
         ^
1 error generated.
configure:3377: $? = 1
configure: failed program was:
| /* confdefs.h */
| #define PACKAGE_NAME "jwst"
| #define PACKAGE_TARNAME "jwst"
| #define PACKAGE_VERSION "0.1"
| #define PACKAGE_STRING "jwst 0.1"
| #define PACKAGE_BUGREPORT "jasonfrowe@gmail.com"
| #define PACKAGE_URL ""
| /* end confdefs.h.  */
| #include <ac_nonexistent.h>
configure:3402: result: gcc -E
configure:3422: gcc -E  conftest.c
configure:3422: $? = 0
configure:3436: gcc -E  conftest.c
conftest.c:9:10: fatal error: 'ac_nonexistent.h' file not found
#include <ac_nonexistent.h>
         ^
1 error generated.
configure:3436: $? = 1
configure: failed program was:
| /* confdefs.h */
| #define PACKAGE_NAME "jwst"
| #define PACKAGE_TARNAME "jwst"
| #define PACKAGE_VERSION "0.1"
| #define PACKAGE_STRING "jwst 0.1"
| #define PACKAGE_BUGREPORT "jasonfrowe@gmail.com"
| #define PACKAGE_URL ""
| /* end confdefs.h.  */
| #include <ac_nonexistent.h>
configure:3465: checking for X
configure:3573: gcc -E  conftest.c
conftest.c:9:10: fatal error: 'X11/Xlib.h' file not found
#include <X11/Xlib.h>
         ^
1 error generated.
configure:3573: $? = 1
configure: failed program was:
| /* confdefs.h */
| #define PACKAGE_NAME "jwst"
| #define PACKAGE_TARNAME "jwst"
| #define PACKAGE_VERSION "0.1"
| #define PACKAGE_STRING "jwst 0.1"
| #define PACKAGE_BUGREPORT "jasonfrowe@gmail.com"
| #define PACKAGE_URL ""
| /* end confdefs.h.  */
| #include <X11/Xlib.h>
configure:3604: gcc -o conftest -g -O2   -L/usr/lib -L/usr/local/lib conftest.c -lX11  >&5
conftest.c:9:10: fatal error: 'X11/Xlib.h' file not found
#include <X11/Xlib.h>
         ^
1 error generated.
configure:3604: $? = 1
configure: failed program was:
| /* confdefs.h */
| #define PACKAGE_NAME "jwst"
| #define PACKAGE_TARNAME "jwst"
| #define PACKAGE_VERSION "0.1"
| #define PACKAGE_STRING "jwst 0.1"
| #define PACKAGE_BUGREPORT "jasonfrowe@gmail.com"
| #define PACKAGE_URL ""
| /* end confdefs.h.  */
| #include <X11/Xlib.h>
| int
| main ()
| {
| XrmInitialize ()
|   ;
|   return 0;
| }
configure:3654: result: libraries /usr/X11/lib, headers /usr/X11/include
configure:3660:  -L/usr/lib -L/usr/local/lib -L/usr/X11/lib
configure:3819: creating ./config.status

## ---------------------- ##
## Running config.status. ##
## ---------------------- ##

This file was extended by jwst config.status 0.1, which was
generated by GNU Autoconf 2.69.  Invocation command line was

  CONFIG_FILES    = 
  CONFIG_HEADERS  = 
  CONFIG_LINKS    = 
  CONFIG_COMMANDS = 
  $ ./config.status 

on cawthra.sf.umontreal.ca

config.status:732: creating Makefile

## ---------------- ##
## Cache variables. ##
## ---------------- ##

ac_cv_c_compiler_gnu=yes
ac_cv_env_CC_set=
ac_cv_env_CC_value=
ac_cv_env_CFLAGS_set=
ac_cv_env_CFLAGS_value=
ac_cv_env_CPPFLAGS_set=
ac_cv_env_CPPFLAGS_value=
ac_cv_env_CPP_set=
ac_cv_env_CPP_value=
ac_cv_env_F77_set=
ac_cv_env_F77_value=
ac_cv_env_FCFLAGS_set=
ac_cv_env_FCFLAGS_value=
ac_cv_env_FC_set=
ac_cv_env_FC_value=
ac_cv_env_FFLAGS_set=
ac_cv_env_FFLAGS_value=
ac_cv_env_LDFLAGS_set=
ac_cv_env_LDFLAGS_value=
ac_cv_env_LIBS_set=
ac_cv_env_LIBS_value=
ac_cv_env_XMKMF_set=
ac_cv_env_XMKMF_value=
ac_cv_env_build_alias_set=
ac_cv_env_build_alias_value=
ac_cv_env_host_alias_set=
ac_cv_env_host_alias_value=
ac_cv_env_target_alias_set=
ac_cv_env_target_alias_value=
ac_cv_f77_compiler_gnu=no
ac_cv_fc_compiler_gnu=no
ac_cv_file__local_cfitsio=no
ac_cv_file__local_lib=no
ac_cv_file__local_pgplot=no
ac_cv_file__opt_local_lib=no
ac_cv_file__usr_lib=yes
ac_cv_file__usr_local_cfitsio=no
ac_cv_file__usr_local_lib=yes
ac_cv_file__usr_local_pgplot=no
ac_cv_have_x='have_x=yes	ac_x_includes='\''/usr/X11/include'\''	ac_x_libraries='\''/usr/X11/lib'\'''
ac_cv_lib_cfitsio_ffopen=yes
ac_cv_lib_fftw3_fftw_execute_dft=yes
ac_cv_lib_pgplot_pgopen_=yes
ac_cv_lib_png_png_error=yes
ac_cv_objext=o
ac_cv_prog_CPP='gcc -E'
ac_cv_prog_ac_ct_CC=gcc
ac_cv_prog_ac_ct_F77=ifort
ac_cv_prog_ac_ct_FC=ifort
ac_cv_prog_cc_c89=
ac_cv_prog_cc_g=yes
ac_cv_prog_f77_g=yes
ac_cv_prog_fc_g=yes

## ----------------- ##
## Output variables. ##
## ----------------- ##

CC='gcc'
CFITSIOLIB='-lcfitsio'
CFLAGS='-g -O2'
CPP='gcc -E'
CPPFLAGS=''
DEFS='-DPACKAGE_NAME=\"jwst\" -DPACKAGE_TARNAME=\"jwst\" -DPACKAGE_VERSION=\"0.1\" -DPACKAGE_STRING=\"jwst\ 0.1\" -DPACKAGE_BUGREPORT=\"jasonfrowe@gmail.com\" -DPACKAGE_URL=\"\"'
ECHO_C='\c'
ECHO_N=''
ECHO_T=''
EXEEXT=''
F77='ifort'
FC='ifort'
FCFLAGS='-g'
FFLAGS='-g'
FFTLIB='-lfftw3'
LDFLAGS=' -L/usr/lib -L/usr/local/lib'
LFLAGS=' -L/usr/lib -L/usr/local/lib -L/usr/X11/lib'
LIBOBJS=''
LIBS=''
LTLIBOBJS=''
OBJEXT='o'
PACKAGE_BUGREPORT='jasonfrowe@gmail.com'
PACKAGE_NAME='jwst'
PACKAGE_STRING='jwst 0.1'
PACKAGE_TARNAME='jwst'
PACKAGE_URL=''
PACKAGE_VERSION='0.1'
PATH_SEPARATOR=':'
PGPLOTLIB='-lpng -lpgplot'
SHELL='/bin/sh'
XFLAGS='-lX11'
XMKMF=''
ac_ct_CC='gcc'
ac_ct_F77='ifort'
ac_ct_FC='ifort'
bindir='${exec_prefix}/bin'
build_alias=''
datadir='${datarootdir}'
datarootdir='${prefix}/share'
docdir='${datarootdir}/doc/${PACKAGE_TARNAME}'
dvidir='${docdir}'
exec_prefix='${prefix}'
host_alias=''
htmldir='${docdir}'
includedir='${prefix}/include'
infodir='${datarootdir}/info'
libdir='${exec_prefix}/lib'
libexecdir='${exec_prefix}/libexec'
localedir='${datarootdir}/locale'
localstatedir='${prefix}/var'
mandir='${datarootdir}/man'
oldincludedir='/usr/include'
pdfdir='${docdir}'
prefix='/usr/local'
program_transform_name='s,x,x,'
psdir='${docdir}'
sbindir='${exec_prefix}/sbin'
sharedstatedir='${prefix}/com'
sysconfdir='${prefix}/etc'
target_alias=''

## ----------- ##
## confdefs.h. ##
## ----------- ##

/* confdefs.h */
#define PACKAGE_NAME "jwst"
#define PACKAGE_TARNAME "jwst"
#define PACKAGE_VERSION "0.1"
#define PACKAGE_STRING "jwst 0.1"
#define PACKAGE_BUGREPORT "jasonfrowe@gmail.com"
#define PACKAGE_URL ""

configure: exit 0
